<?xml version="1.0" encoding="UTF-8"?>
<testng-results skipped="0" failed="0" ignored="0" total="1" passed="1">
  <reporter-output>
  </reporter-output>
  <suite name="Default suite" duration-ms="74888" started-at="2023-09-07T08:48:10Z" finished-at="2023-09-07T08:49:25Z">
    <groups>
    </groups>
    <test name="Default test" duration-ms="74888" started-at="2023-09-07T08:48:10Z" finished-at="2023-09-07T08:49:25Z">
      <class name="a1_googleTest.A1_SampleGoogle">
        <test-method status="PASS" signature="loginGoogleTest()[pri:0, instance:a1_googleTest.A1_SampleGoogle@148080bb]" name="loginGoogleTest" duration-ms="74869" started-at="2023-09-07T14:18:10Z" finished-at="2023-09-07T14:19:25Z">
          <reporter-output>
          </reporter-output>
        </test-method> <!-- loginGoogleTest -->
      </class> <!-- a1_googleTest.A1_SampleGoogle -->
    </test> <!-- Default test -->
  </suite> <!-- Default suite -->
</testng-results>
